Spark Command: /usr/lib/jvm/java-8-openjdk-amd64/jre/bin/java -cp /opt/spark-2.3.4-bin-hadoop2.7/conf/:/opt/spark-2.3.4-bin-hadoop2.7/jars/* -Xmx1g org.apache.spark.deploy.master.Master --host db8f5109dcc9 --port 7077 --webui-port 8080
========================================
2021-01-22 05:19:20 INFO  Master:2612 - Started daemon with process name: 1596@db8f5109dcc9
2021-01-22 05:19:20 INFO  SignalUtils:54 - Registered signal handler for TERM
2021-01-22 05:19:20 INFO  SignalUtils:54 - Registered signal handler for HUP
2021-01-22 05:19:20 INFO  SignalUtils:54 - Registered signal handler for INT
2021-01-22 05:19:22 WARN  NativeCodeLoader:62 - Unable to load native-hadoop library for your platform... using builtin-java classes where applicable
2021-01-22 05:19:22 INFO  SecurityManager:54 - Changing view acls to: root
2021-01-22 05:19:22 INFO  SecurityManager:54 - Changing modify acls to: root
2021-01-22 05:19:22 INFO  SecurityManager:54 - Changing view acls groups to: 
2021-01-22 05:19:22 INFO  SecurityManager:54 - Changing modify acls groups to: 
2021-01-22 05:19:22 INFO  SecurityManager:54 - SecurityManager: authentication disabled; ui acls disabled; users  with view permissions: Set(root); groups with view permissions: Set(); users  with modify permissions: Set(root); groups with modify permissions: Set()
2021-01-22 05:19:23 INFO  Utils:54 - Successfully started service 'sparkMaster' on port 7077.
2021-01-22 05:19:23 INFO  Master:54 - Starting Spark master at spark://db8f5109dcc9:7077
2021-01-22 05:19:23 INFO  Master:54 - Running Spark version 2.3.4
2021-01-22 05:19:23 INFO  log:192 - Logging initialized @5205ms
2021-01-22 05:19:24 INFO  Server:351 - jetty-9.3.z-SNAPSHOT, build timestamp: unknown, git hash: unknown
2021-01-22 05:19:24 INFO  Server:419 - Started @5430ms
2021-01-22 05:19:24 INFO  AbstractConnector:278 - Started ServerConnector@69d3045c{HTTP/1.1,[http/1.1]}{0.0.0.0:8080}
2021-01-22 05:19:24 INFO  Utils:54 - Successfully started service 'MasterUI' on port 8080.
2021-01-22 05:19:24 INFO  ContextHandler:781 - Started o.s.j.s.ServletContextHandler@599e29e{/app,null,AVAILABLE,@Spark}
2021-01-22 05:19:24 INFO  ContextHandler:781 - Started o.s.j.s.ServletContextHandler@409e292e{/app/json,null,AVAILABLE,@Spark}
2021-01-22 05:19:24 INFO  ContextHandler:781 - Started o.s.j.s.ServletContextHandler@47105619{/,null,AVAILABLE,@Spark}
2021-01-22 05:19:24 INFO  ContextHandler:781 - Started o.s.j.s.ServletContextHandler@7e88d01b{/json,null,AVAILABLE,@Spark}
2021-01-22 05:19:24 INFO  ContextHandler:781 - Started o.s.j.s.ServletContextHandler@4fee41bd{/static,null,AVAILABLE,@Spark}
2021-01-22 05:19:24 INFO  ContextHandler:781 - Started o.s.j.s.ServletContextHandler@4fefe934{/app/kill,null,AVAILABLE,@Spark}
2021-01-22 05:19:24 INFO  ContextHandler:781 - Started o.s.j.s.ServletContextHandler@75c2c304{/driver/kill,null,AVAILABLE,@Spark}
2021-01-22 05:19:24 INFO  MasterWebUI:54 - Bound MasterWebUI to 0.0.0.0, and started at http://db8f5109dcc9:8080
2021-01-22 05:19:24 INFO  Server:351 - jetty-9.3.z-SNAPSHOT, build timestamp: unknown, git hash: unknown
2021-01-22 05:19:24 INFO  ContextHandler:781 - Started o.s.j.s.ServletContextHandler@7798e746{/,null,AVAILABLE}
2021-01-22 05:19:24 INFO  AbstractConnector:278 - Started ServerConnector@3d0a44ec{HTTP/1.1,[http/1.1]}{db8f5109dcc9:6066}
2021-01-22 05:19:24 INFO  Server:419 - Started @5795ms
2021-01-22 05:19:24 INFO  Utils:54 - Successfully started service on port 6066.
2021-01-22 05:19:24 INFO  StandaloneRestServer:54 - Started REST server for submitting applications on port 6066
2021-01-22 05:19:24 INFO  ContextHandler:781 - Started o.s.j.s.ServletContextHandler@b75ec72{/metrics/master/json,null,AVAILABLE,@Spark}
2021-01-22 05:19:24 INFO  ContextHandler:781 - Started o.s.j.s.ServletContextHandler@e224ab9{/metrics/applications/json,null,AVAILABLE,@Spark}
2021-01-22 05:19:24 INFO  Master:54 - I have been elected leader! New state: ALIVE
